<?xml version="1.0" encoding="UTF-8"?>
<testng-results ignored="0" total="1" passed="1" failed="0" skipped="0">
  <reporter-output>
  </reporter-output>
  <suite started-at="2020-04-05T14:50:06 EEST" name="Surefire suite" finished-at="2020-04-05T14:50:06 EEST" duration-ms="64">
    <groups>
    </groups>
    <test started-at="2020-04-05T14:50:06 EEST" name="Surefire test" finished-at="2020-04-05T14:50:06 EEST" duration-ms="64">
      <class name="org.example.AppTest">
        <test-method signature="shouldAnswerWithTrue()" started-at="2020-04-05T14:50:06 EEST" name="shouldAnswerWithTrue" finished-at="2020-04-05T14:50:06 EEST" duration-ms="12" status="PASS">
          <reporter-output>
          </reporter-output>
        </test-method> <!-- shouldAnswerWithTrue -->
      </class> <!-- org.example.AppTest -->
    </test> <!-- Surefire test -->
  </suite> <!-- Surefire suite -->
</testng-results>
